<?xml version="1.0" encoding="UTF-8"?>
<!-- Generated by org.testng.reporters.JUnitReportReporter -->
<testsuite hostname="DESKTOP-01V5FL5" failures="0" tests="1" name="AddsOnHT" time="413.450" errors="0" timestamp="2023-04-25T11:55:03 EDT" skipped="0">
  <testcase classname="AddsOnHT" name="highBloodPressure" time="413.450"/>
  <system-out/>
</testsuite> <!-- AddsOnHT -->
